<?xml version="1.0" encoding="UTF-8" ?>
<testsuite tests="16" failures="0" name="step_definition.RunCukesTest" time="0.271" errors="2" skipped="11">
  <properties>
[...]
</properties>
  <testcase classname="| sopigp@gmail.com | 12345 | jakarta | 10-10-2021 | 11-10-2021 |  |" name="Given User already login with &quot;sopigp@gmail.com&quot; as an email and &quot;12345&quot; as an password" time="0.001"/>
  <testcase classname="| sopigp@gmail.com | 12345 | jakarta | 10-10-2021 | 11-10-2021 |  |" name="When User open home menu on the Hotel Dominic Parks Website" time="0.001"/>
  <testcase classname="| sopigp@gmail.com | 12345 | jakarta | 10-10-2021 | 11-10-2021 |  |" name="And User select &quot;jakarta&quot;, hotel name, &quot;10-10-2021&quot; as date check in, &quot;11-10-2021&quot; as date check out" time="0"/>
  <testcase classname="| sopigp@gmail.com | 12345 | jakarta | 10-10-2021 | 11-10-2021 |  |" name="Then User should be navigated to the hotel room list" time="0.013">
    <error message="no such element: Unable to locate element: {&quot;method&quot;:&quot;xpath&quot;,&quot;selector&quot;:&quot;//span[.=&apos;Guest Rating&apos;]&quot;}
  (Session info: chrome=93.0.4577.82)
For documentation on this error, please visit: https://www.seleniumhq.org/exceptions/no_such_element.html
Build info: version: &apos;3.141.59&apos;, revision: &apos;e82be7d358&apos;, time: &apos;2018-11-14T08:17:03&apos;
System info: host: &apos;LAPTOP-LUVALEJ3&apos;, ip: &apos;192.168.109.81&apos;, os.name: &apos;Windows 10&apos;, os.arch: &apos;amd64&apos;, os.version: &apos;10.0&apos;, java.version: &apos;1.8.0_291&apos;
Driver info: org.openqa.selenium.chrome.ChromeDriver
Capabilities {acceptInsecureCerts: false, browserName: chrome, browserVersion: 93.0.4577.82, chrome: {chromedriverVersion: 92.0.4515.107 (87a818b10553..., userDataDir: C:\Users\asus\AppData\Local...}, goog:chromeOptions: {debuggerAddress: localhost:58684}, javascriptEnabled: true, networkConnectionEnabled: false, pageLoadStrategy: normal, platform: WINDOWS, platformName: WINDOWS, proxy: Proxy(), setWindowRect: true, strictFileInteractability: false, timeouts: {implicit: 0, pageLoad: 300000, script: 30000}, unhandledPromptBehavior: dismiss and notify, webauthn:extension:credBlob: true, webauthn:extension:largeBlob: true, webauthn:virtualAuthenticators: true}
Session ID: 9fd19ee1c24d700c394af90b5225d164
*** Element info: {Using=xpath, value=//span[.=&apos;Guest Rating&apos;]}" type="org.openqa.selenium.NoSuchElementException">org.openqa.selenium.NoSuchElementException: no such element: Unable to locate element: {&quot;method&quot;:&quot;xpath&quot;,&quot;selector&quot;:&quot;//span[.=&apos;Guest Rating&apos;]&quot;}
  (Session info: chrome=93.0.4577.82)
For documentation on this error, please visit: https://www.seleniumhq.org/exceptions/no_such_element.html
Build info: version: &apos;3.141.59&apos;, revision: &apos;e82be7d358&apos;, time: &apos;2018-11-14T08:17:03&apos;
System info: host: &apos;LAPTOP-LUVALEJ3&apos;, ip: &apos;192.168.109.81&apos;, os.name: &apos;Windows 10&apos;, os.arch: &apos;amd64&apos;, os.version: &apos;10.0&apos;, java.version: &apos;1.8.0_291&apos;
Driver info: org.openqa.selenium.chrome.ChromeDriver
Capabilities {acceptInsecureCerts: false, browserName: chrome, browserVersion: 93.0.4577.82, chrome: {chromedriverVersion: 92.0.4515.107 (87a818b10553..., userDataDir: C:\Users\asus\AppData\Local...}, goog:chromeOptions: {debuggerAddress: localhost:58684}, javascriptEnabled: true, networkConnectionEnabled: false, pageLoadStrategy: normal, platform: WINDOWS, platformName: WINDOWS, proxy: Proxy(), setWindowRect: true, strictFileInteractability: false, timeouts: {implicit: 0, pageLoad: 300000, script: 30000}, unhandledPromptBehavior: dismiss and notify, webauthn:extension:credBlob: true, webauthn:extension:largeBlob: true, webauthn:virtualAuthenticators: true}
Session ID: 9fd19ee1c24d700c394af90b5225d164
*** Element info: {Using=xpath, value=//span[.=&apos;Guest Rating&apos;]}
	at sun.reflect.NativeConstructorAccessorImpl.newInstance0(Native Method)
	at sun.reflect.NativeConstructorAccessorImpl.newInstance(NativeConstructorAccessorImpl.java:62)
	at sun.reflect.DelegatingConstructorAccessorImpl.newInstance(DelegatingConstructorAccessorImpl.java:45)
	at java.lang.reflect.Constructor.newInstance(Constructor.java:423)
	at org.openqa.selenium.remote.http.W3CHttpResponseCodec.createException(W3CHttpResponseCodec.java:187)
	at org.openqa.selenium.remote.http.W3CHttpResponseCodec.decode(W3CHttpResponseCodec.java:122)
	at org.openqa.selenium.remote.http.W3CHttpResponseCodec.decode(W3CHttpResponseCodec.java:49)
	at org.openqa.selenium.remote.HttpCommandExecutor.execute(HttpCommandExecutor.java:158)
	at org.openqa.selenium.remote.service.DriverCommandExecutor.execute(DriverCommandExecutor.java:83)
	at org.openqa.selenium.remote.RemoteWebDriver.execute(RemoteWebDriver.java:552)
	at org.openqa.selenium.remote.RemoteWebDriver.findElement(RemoteWebDriver.java:323)
	at org.openqa.selenium.remote.RemoteWebDriver.findElementByXPath(RemoteWebDriver.java:428)
	at org.openqa.selenium.By$ByXPath.findElement(By.java:353)
	at org.openqa.selenium.remote.RemoteWebDriver.findElement(RemoteWebDriver.java:315)
	at org.openqa.selenium.support.pagefactory.DefaultElementLocator.findElement(DefaultElementLocator.java:69)
	at org.openqa.selenium.support.pagefactory.internal.LocatingElementHandler.invoke(LocatingElementHandler.java:38)
	at com.sun.proxy.$Proxy18.isDisplayed(Unknown Source)
	at page_object.SearchedResultsPage.isDisplayed(SearchedResultsPage.java:53)
	at step_definition.BookingHotelSteps.searchResult(BookingHotelSteps.java:114)
	at ✽.Then User should be navigated to the hotel room list(features/BookingHotel.feature:12)
</error>
  </testcase>
  <testcase classname="| sopigp@gmail.com | 12345 | jakarta | 10-10-2021 | 11-10-2021 |  |" name="| sopigp@gmail.com | 12345 | jakarta | 10-10-2021 | 11-10-2021 |  |" time="0.015">
    <error message="no such element: Unable to locate element: {&quot;method&quot;:&quot;xpath&quot;,&quot;selector&quot;:&quot;//span[.=&apos;Guest Rating&apos;]&quot;}
  (Session info: chrome=93.0.4577.82)
For documentation on this error, please visit: https://www.seleniumhq.org/exceptions/no_such_element.html
Build info: version: &apos;3.141.59&apos;, revision: &apos;e82be7d358&apos;, time: &apos;2018-11-14T08:17:03&apos;
System info: host: &apos;LAPTOP-LUVALEJ3&apos;, ip: &apos;192.168.109.81&apos;, os.name: &apos;Windows 10&apos;, os.arch: &apos;amd64&apos;, os.version: &apos;10.0&apos;, java.version: &apos;1.8.0_291&apos;
Driver info: org.openqa.selenium.chrome.ChromeDriver
Capabilities {acceptInsecureCerts: false, browserName: chrome, browserVersion: 93.0.4577.82, chrome: {chromedriverVersion: 92.0.4515.107 (87a818b10553..., userDataDir: C:\Users\asus\AppData\Local...}, goog:chromeOptions: {debuggerAddress: localhost:58684}, javascriptEnabled: true, networkConnectionEnabled: false, pageLoadStrategy: normal, platform: WINDOWS, platformName: WINDOWS, proxy: Proxy(), setWindowRect: true, strictFileInteractability: false, timeouts: {implicit: 0, pageLoad: 300000, script: 30000}, unhandledPromptBehavior: dismiss and notify, webauthn:extension:credBlob: true, webauthn:extension:largeBlob: true, webauthn:virtualAuthenticators: true}
Session ID: 9fd19ee1c24d700c394af90b5225d164
*** Element info: {Using=xpath, value=//span[.=&apos;Guest Rating&apos;]}" type="org.openqa.selenium.NoSuchElementException">org.openqa.selenium.NoSuchElementException: no such element: Unable to locate element: {&quot;method&quot;:&quot;xpath&quot;,&quot;selector&quot;:&quot;//span[.=&apos;Guest Rating&apos;]&quot;}
  (Session info: chrome=93.0.4577.82)
For documentation on this error, please visit: https://www.seleniumhq.org/exceptions/no_such_element.html
Build info: version: &apos;3.141.59&apos;, revision: &apos;e82be7d358&apos;, time: &apos;2018-11-14T08:17:03&apos;
System info: host: &apos;LAPTOP-LUVALEJ3&apos;, ip: &apos;192.168.109.81&apos;, os.name: &apos;Windows 10&apos;, os.arch: &apos;amd64&apos;, os.version: &apos;10.0&apos;, java.version: &apos;1.8.0_291&apos;
Driver info: org.openqa.selenium.chrome.ChromeDriver
Capabilities {acceptInsecureCerts: false, browserName: chrome, browserVersion: 93.0.4577.82, chrome: {chromedriverVersion: 92.0.4515.107 (87a818b10553..., userDataDir: C:\Users\asus\AppData\Local...}, goog:chromeOptions: {debuggerAddress: localhost:58684}, javascriptEnabled: true, networkConnectionEnabled: false, pageLoadStrategy: normal, platform: WINDOWS, platformName: WINDOWS, proxy: Proxy(), setWindowRect: true, strictFileInteractability: false, timeouts: {implicit: 0, pageLoad: 300000, script: 30000}, unhandledPromptBehavior: dismiss and notify, webauthn:extension:credBlob: true, webauthn:extension:largeBlob: true, webauthn:virtualAuthenticators: true}
Session ID: 9fd19ee1c24d700c394af90b5225d164
*** Element info: {Using=xpath, value=//span[.=&apos;Guest Rating&apos;]}
	at sun.reflect.NativeConstructorAccessorImpl.newInstance0(Native Method)
	at sun.reflect.NativeConstructorAccessorImpl.newInstance(NativeConstructorAccessorImpl.java:62)
	at sun.reflect.DelegatingConstructorAccessorImpl.newInstance(DelegatingConstructorAccessorImpl.java:45)
	at java.lang.reflect.Constructor.newInstance(Constructor.java:423)
	at org.openqa.selenium.remote.http.W3CHttpResponseCodec.createException(W3CHttpResponseCodec.java:187)
	at org.openqa.selenium.remote.http.W3CHttpResponseCodec.decode(W3CHttpResponseCodec.java:122)
	at org.openqa.selenium.remote.http.W3CHttpResponseCodec.decode(W3CHttpResponseCodec.java:49)
	at org.openqa.selenium.remote.HttpCommandExecutor.execute(HttpCommandExecutor.java:158)
	at org.openqa.selenium.remote.service.DriverCommandExecutor.execute(DriverCommandExecutor.java:83)
	at org.openqa.selenium.remote.RemoteWebDriver.execute(RemoteWebDriver.java:552)
	at org.openqa.selenium.remote.RemoteWebDriver.findElement(RemoteWebDriver.java:323)
	at org.openqa.selenium.remote.RemoteWebDriver.findElementByXPath(RemoteWebDriver.java:428)
	at org.openqa.selenium.By$ByXPath.findElement(By.java:353)
	at org.openqa.selenium.remote.RemoteWebDriver.findElement(RemoteWebDriver.java:315)
	at org.openqa.selenium.support.pagefactory.DefaultElementLocator.findElement(DefaultElementLocator.java:69)
	at org.openqa.selenium.support.pagefactory.internal.LocatingElementHandler.invoke(LocatingElementHandler.java:38)
	at com.sun.proxy.$Proxy18.isDisplayed(Unknown Source)
	at page_object.SearchedResultsPage.isDisplayed(SearchedResultsPage.java:53)
	at step_definition.BookingHotelSteps.searchResult(BookingHotelSteps.java:114)
	at ✽.Then User should be navigated to the hotel room list(features/BookingHotel.feature:12)
</error>
  </testcase>
  <testcase classname="| sopigp@gmail.com | 12345 | jakarta | 10-10-2021 | 11-10-2021 |  |" name="When User choose one of the hotel room on the list" time="0.015">
    <skipped/>
  </testcase>
  <testcase classname="| sopigp@gmail.com | 12345 | jakarta | 10-10-2021 | 11-10-2021 |  |" name="And User proceed to checkout the hotel room" time="0.016">
    <skipped/>
  </testcase>
  <testcase classname="| sopigp@gmail.com | 12345 | jakarta | 10-10-2021 | 11-10-2021 |  |" name="Then User should be navigated to the hotel room &amp; price summary page" time="0.018">
    <skipped/>
  </testcase>
  <testcase classname="| sopigp@gmail.com | 12345 | jakarta | 10-10-2021 | 11-10-2021 |  |" name="When User choose to proceed on the room &amp; price summary page" time="0.019">
    <skipped/>
  </testcase>
  <testcase classname="| sopigp@gmail.com | 12345 | jakarta | 10-10-2021 | 11-10-2021 |  |" name="Then User should be navigated to the guest information page" time="0.02">
    <skipped/>
  </testcase>
  <testcase classname="| sopigp@gmail.com | 12345 | jakarta | 10-10-2021 | 11-10-2021 |  |" name="When User choose to proceed on the guest information page" time="0.022">
    <skipped/>
  </testcase>
  <testcase classname="| sopigp@gmail.com | 12345 | jakarta | 10-10-2021 | 11-10-2021 |  |" name="Then User should be navigated to the payment information page" time="0.025">
    <skipped/>
  </testcase>
  <testcase classname="| sopigp@gmail.com | 12345 | jakarta | 10-10-2021 | 11-10-2021 |  |" name="And User choose the payment resource" time="0.025">
    <skipped/>
  </testcase>
  <testcase classname="| sopigp@gmail.com | 12345 | jakarta | 10-10-2021 | 11-10-2021 |  |" name="Then User should be navigated to order summary page" time="0.026">
    <skipped/>
  </testcase>
  <testcase classname="| sopigp@gmail.com | 12345 | jakarta | 10-10-2021 | 11-10-2021 |  |" name="When User confirm the order" time="0.027">
    <skipped/>
  </testcase>
  <testcase classname="| sopigp@gmail.com | 12345 | jakarta | 10-10-2021 | 11-10-2021 |  |" name="Then User should be navigated to the oder confirmation page" time="0.028">
    <skipped/>
  </testcase>
</testsuite>